The system is: Linux - 5.10.25-linuxkit - x86_64
Compiling the C compiler identification source file "CMakeCCompilerId.c" succeeded.
Compiler: /usr/bin/cc 
Build flags: 
Id flags: 

The output was:
0


Compilation of the C compiler identification source "CMakeCCompilerId.c" produced "a.out"

The C compiler identification is GNU, found in "/usr/src/cppweb/hello_crow/build/CMakeFiles/3.7.2/CompilerIdC/a.out"

Compiling the CXX compiler identification source file "CMakeCXXCompilerId.cpp" succeeded.
Compiler: /usr/local/bin/c++ 
Build flags: 
Id flags: 

The output was:
0


Compilation of the CXX compiler identification source "CMakeCXXCompilerId.cpp" produced "a.out"

The CXX compiler identification is GNU, found in "/usr/src/cppweb/hello_crow/build/CMakeFiles/3.7.2/CompilerIdCXX/a.out"

Determining if the C compiler works passed with the following output:
Change Dir: /usr/src/cppweb/hello_crow/build/CMakeFiles/CMakeTmp

Run Build Command:"/usr/bin/make" "cmTC_cfc24/fast"
/usr/bin/make -f CMakeFiles/cmTC_cfc24.dir/build.make CMakeFiles/cmTC_cfc24.dir/build
make[1]: Entering directory '/usr/src/cppweb/hello_crow/build/CMakeFiles/CMakeTmp'
Building C object CMakeFiles/cmTC_cfc24.dir/testCCompiler.c.o
/usr/bin/cc     -o CMakeFiles/cmTC_cfc24.dir/testCCompiler.c.o   -c /usr/src/cppweb/hello_crow/build/CMakeFiles/CMakeTmp/testCCompiler.c
Linking C executable cmTC_cfc24
/usr/bin/cmake -E cmake_link_script CMakeFiles/cmTC_cfc24.dir/link.txt --verbose=1
/usr/bin/cc       CMakeFiles/cmTC_cfc24.dir/testCCompiler.c.o  -o cmTC_cfc24 
make[1]: Leaving directory '/usr/src/cppweb/hello_crow/build/CMakeFiles/CMakeTmp'


Detecting C compiler ABI info compiled with the following output:
Change Dir: /usr/src/cppweb/hello_crow/build/CMakeFiles/CMakeTmp

Run Build Command:"/usr/bin/make" "cmTC_81774/fast"
/usr/bin/make -f CMakeFiles/cmTC_81774.dir/build.make CMakeFiles/cmTC_81774.dir/build
make[1]: Entering directory '/usr/src/cppweb/hello_crow/build/CMakeFiles/CMakeTmp'
Building C object CMakeFiles/cmTC_81774.dir/CMakeCCompilerABI.c.o
/usr/bin/cc     -o CMakeFiles/cmTC_81774.dir/CMakeCCompilerABI.c.o   -c /usr/share/cmake-3.7/Modules/CMakeCCompilerABI.c
Linking C executable cmTC_81774
/usr/bin/cmake -E cmake_link_script CMakeFiles/cmTC_81774.dir/link.txt --verbose=1
/usr/bin/cc      -v CMakeFiles/cmTC_81774.dir/CMakeCCompilerABI.c.o  -o cmTC_81774  
Using built-in specs.
COLLECT_GCC=/usr/bin/cc
COLLECT_LTO_WRAPPER=/usr/local/libexec/gcc/x86_64-linux-gnu/7.3.0/lto-wrapper
Target: x86_64-linux-gnu
Configured with: /usr/src/gcc/configure --build=x86_64-linux-gnu --disable-multilib --enable-languages=c,c++,fortran,go
Thread model: posix
gcc version 7.3.0 (GCC) 
COMPILER_PATH=/usr/local/libexec/gcc/x86_64-linux-gnu/7.3.0/:/usr/local/libexec/gcc/x86_64-linux-gnu/7.3.0/:/usr/local/libexec/gcc/x86_64-linux-gnu/:/usr/local/lib/gcc/x86_64-linux-gnu/7.3.0/:/usr/local/lib/gcc/x86_64-linux-gnu/
LIBRARY_PATH=/usr/local/lib/gcc/x86_64-linux-gnu/7.3.0/:/usr/local/lib/gcc/x86_64-linux-gnu/7.3.0/../../../../lib64/:/lib/x86_64-linux-gnu/:/lib/../lib64/:/usr/lib/x86_64-linux-gnu/:/usr/local/lib/gcc/x86_64-linux-gnu/7.3.0/../../../:/lib/:/usr/lib/
COLLECT_GCC_OPTIONS='-v' '-o' 'cmTC_81774' '-mtune=generic' '-march=x86-64'
 /usr/local/libexec/gcc/x86_64-linux-gnu/7.3.0/collect2 -plugin /usr/local/libexec/gcc/x86_64-linux-gnu/7.3.0/liblto_plugin.so -plugin-opt=/usr/local/libexec/gcc/x86_64-linux-gnu/7.3.0/lto-wrapper -plugin-opt=-fresolution=/tmp/ccHCJxSN.res -plugin-opt=-pass-through=-lgcc -plugin-opt=-pass-through=-lgcc_s -plugin-opt=-pass-through=-lc -plugin-opt=-pass-through=-lgcc -plugin-opt=-pass-through=-lgcc_s --eh-frame-hdr -m elf_x86_64 -dynamic-linker /lib64/ld-linux-x86-64.so.2 -o cmTC_81774 /usr/lib/x86_64-linux-gnu/crt1.o /usr/lib/x86_64-linux-gnu/crti.o /usr/local/lib/gcc/x86_64-linux-gnu/7.3.0/crtbegin.o -L/usr/local/lib/gcc/x86_64-linux-gnu/7.3.0 -L/usr/local/lib/gcc/x86_64-linux-gnu/7.3.0/../../../../lib64 -L/lib/x86_64-linux-gnu -L/lib/../lib64 -L/usr/lib/x86_64-linux-gnu -L/usr/local/lib/gcc/x86_64-linux-gnu/7.3.0/../../.. CMakeFiles/cmTC_81774.dir/CMakeCCompilerABI.c.o -lgcc --as-needed -lgcc_s --no-as-needed -lc -lgcc --as-needed -lgcc_s --no-as-needed /usr/local/lib/gcc/x86_64-linux-gnu/7.3.0/crtend.o /usr/lib/x86_64-linux-gnu/crtn.o
COLLECT_GCC_OPTIONS='-v' '-o' 'cmTC_81774' '-mtune=generic' '-march=x86-64'
make[1]: Leaving directory '/usr/src/cppweb/hello_crow/build/CMakeFiles/CMakeTmp'


Parsed C implicit link information from above output:
  link line regex: [^( *|.*[/\])(ld|([^/\]+-)?ld|collect2)[^/\]*( |$)]
  ignore line: [Change Dir: /usr/src/cppweb/hello_crow/build/CMakeFiles/CMakeTmp]
  ignore line: []
  ignore line: [Run Build Command:"/usr/bin/make" "cmTC_81774/fast"]
  ignore line: [/usr/bin/make -f CMakeFiles/cmTC_81774.dir/build.make CMakeFiles/cmTC_81774.dir/build]
  ignore line: [make[1]: Entering directory '/usr/src/cppweb/hello_crow/build/CMakeFiles/CMakeTmp']
  ignore line: [Building C object CMakeFiles/cmTC_81774.dir/CMakeCCompilerABI.c.o]
  ignore line: [/usr/bin/cc     -o CMakeFiles/cmTC_81774.dir/CMakeCCompilerABI.c.o   -c /usr/share/cmake-3.7/Modules/CMakeCCompilerABI.c]
  ignore line: [Linking C executable cmTC_81774]
  ignore line: [/usr/bin/cmake -E cmake_link_script CMakeFiles/cmTC_81774.dir/link.txt --verbose=1]
  ignore line: [/usr/bin/cc      -v CMakeFiles/cmTC_81774.dir/CMakeCCompilerABI.c.o  -o cmTC_81774  ]
  ignore line: [Using built-in specs.]
  ignore line: [COLLECT_GCC=/usr/bin/cc]
  ignore line: [COLLECT_LTO_WRAPPER=/usr/local/libexec/gcc/x86_64-linux-gnu/7.3.0/lto-wrapper]
  ignore line: [Target: x86_64-linux-gnu]
  ignore line: [Configured with: /usr/src/gcc/configure --build=x86_64-linux-gnu --disable-multilib --enable-languages=c,c++,fortran,go]
  ignore line: [Thread model: posix]
  ignore line: [gcc version 7.3.0 (GCC) ]
  ignore line: [COMPILER_PATH=/usr/local/libexec/gcc/x86_64-linux-gnu/7.3.0/:/usr/local/libexec/gcc/x86_64-linux-gnu/7.3.0/:/usr/local/libexec/gcc/x86_64-linux-gnu/:/usr/local/lib/gcc/x86_64-linux-gnu/7.3.0/:/usr/local/lib/gcc/x86_64-linux-gnu/]
  ignore line: [LIBRARY_PATH=/usr/local/lib/gcc/x86_64-linux-gnu/7.3.0/:/usr/local/lib/gcc/x86_64-linux-gnu/7.3.0/../../../../lib64/:/lib/x86_64-linux-gnu/:/lib/../lib64/:/usr/lib/x86_64-linux-gnu/:/usr/local/lib/gcc/x86_64-linux-gnu/7.3.0/../../../:/lib/:/usr/lib/]
  ignore line: [COLLECT_GCC_OPTIONS='-v' '-o' 'cmTC_81774' '-mtune=generic' '-march=x86-64']
  link line: [ /usr/local/libexec/gcc/x86_64-linux-gnu/7.3.0/collect2 -plugin /usr/local/libexec/gcc/x86_64-linux-gnu/7.3.0/liblto_plugin.so -plugin-opt=/usr/local/libexec/gcc/x86_64-linux-gnu/7.3.0/lto-wrapper -plugin-opt=-fresolution=/tmp/ccHCJxSN.res -plugin-opt=-pass-through=-lgcc -plugin-opt=-pass-through=-lgcc_s -plugin-opt=-pass-through=-lc -plugin-opt=-pass-through=-lgcc -plugin-opt=-pass-through=-lgcc_s --eh-frame-hdr -m elf_x86_64 -dynamic-linker /lib64/ld-linux-x86-64.so.2 -o cmTC_81774 /usr/lib/x86_64-linux-gnu/crt1.o /usr/lib/x86_64-linux-gnu/crti.o /usr/local/lib/gcc/x86_64-linux-gnu/7.3.0/crtbegin.o -L/usr/local/lib/gcc/x86_64-linux-gnu/7.3.0 -L/usr/local/lib/gcc/x86_64-linux-gnu/7.3.0/../../../../lib64 -L/lib/x86_64-linux-gnu -L/lib/../lib64 -L/usr/lib/x86_64-linux-gnu -L/usr/local/lib/gcc/x86_64-linux-gnu/7.3.0/../../.. CMakeFiles/cmTC_81774.dir/CMakeCCompilerABI.c.o -lgcc --as-needed -lgcc_s --no-as-needed -lc -lgcc --as-needed -lgcc_s --no-as-needed /usr/local/lib/gcc/x86_64-linux-gnu/7.3.0/crtend.o /usr/lib/x86_64-linux-gnu/crtn.o]
    arg [/usr/local/libexec/gcc/x86_64-linux-gnu/7.3.0/collect2] ==> ignore
    arg [-plugin] ==> ignore
    arg [/usr/local/libexec/gcc/x86_64-linux-gnu/7.3.0/liblto_plugin.so] ==> ignore
    arg [-plugin-opt=/usr/local/libexec/gcc/x86_64-linux-gnu/7.3.0/lto-wrapper] ==> ignore
    arg [-plugin-opt=-fresolution=/tmp/ccHCJxSN.res] ==> ignore
    arg [-plugin-opt=-pass-through=-lgcc] ==> ignore
    arg [-plugin-opt=-pass-through=-lgcc_s] ==> ignore
    arg [-plugin-opt=-pass-through=-lc] ==> ignore
    arg [-plugin-opt=-pass-through=-lgcc] ==> ignore
    arg [-plugin-opt=-pass-through=-lgcc_s] ==> ignore
    arg [--eh-frame-hdr] ==> ignore
    arg [-m] ==> ignore
    arg [elf_x86_64] ==> ignore
    arg [-dynamic-linker] ==> ignore
    arg [/lib64/ld-linux-x86-64.so.2] ==> ignore
    arg [-o] ==> ignore
    arg [cmTC_81774] ==> ignore
    arg [/usr/lib/x86_64-linux-gnu/crt1.o] ==> ignore
    arg [/usr/lib/x86_64-linux-gnu/crti.o] ==> ignore
    arg [/usr/local/lib/gcc/x86_64-linux-gnu/7.3.0/crtbegin.o] ==> ignore
    arg [-L/usr/local/lib/gcc/x86_64-linux-gnu/7.3.0] ==> dir [/usr/local/lib/gcc/x86_64-linux-gnu/7.3.0]
    arg [-L/usr/local/lib/gcc/x86_64-linux-gnu/7.3.0/../../../../lib64] ==> dir [/usr/local/lib/gcc/x86_64-linux-gnu/7.3.0/../../../../lib64]
    arg [-L/lib/x86_64-linux-gnu] ==> dir [/lib/x86_64-linux-gnu]
    arg [-L/lib/../lib64] ==> dir [/lib/../lib64]
    arg [-L/usr/lib/x86_64-linux-gnu] ==> dir [/usr/lib/x86_64-linux-gnu]
    arg [-L/usr/local/lib/gcc/x86_64-linux-gnu/7.3.0/../../..] ==> dir [/usr/local/lib/gcc/x86_64-linux-gnu/7.3.0/../../..]
    arg [CMakeFiles/cmTC_81774.dir/CMakeCCompilerABI.c.o] ==> ignore
    arg [-lgcc] ==> lib [gcc]
    arg [--as-needed] ==> ignore
    arg [-lgcc_s] ==> lib [gcc_s]
    arg [--no-as-needed] ==> ignore
    arg [-lc] ==> lib [c]
    arg [-lgcc] ==> lib [gcc]
    arg [--as-needed] ==> ignore
    arg [-lgcc_s] ==> lib [gcc_s]
    arg [--no-as-needed] ==> ignore
    arg [/usr/local/lib/gcc/x86_64-linux-gnu/7.3.0/crtend.o] ==> ignore
    arg [/usr/lib/x86_64-linux-gnu/crtn.o] ==> ignore
  remove lib [gcc]
  remove lib [gcc_s]
  remove lib [gcc]
  remove lib [gcc_s]
  collapse library dir [/usr/local/lib/gcc/x86_64-linux-gnu/7.3.0] ==> [/usr/local/lib/gcc/x86_64-linux-gnu/7.3.0]
  collapse library dir [/usr/local/lib/gcc/x86_64-linux-gnu/7.3.0/../../../../lib64] ==> [/usr/local/lib64]
  collapse library dir [/lib/x86_64-linux-gnu] ==> [/lib/x86_64-linux-gnu]
  collapse library dir [/lib/../lib64] ==> [/lib64]
  collapse library dir [/usr/lib/x86_64-linux-gnu] ==> [/usr/lib/x86_64-linux-gnu]
  collapse library dir [/usr/local/lib/gcc/x86_64-linux-gnu/7.3.0/../../..] ==> [/usr/local/lib]
  implicit libs: [c]
  implicit dirs: [/usr/local/lib/gcc/x86_64-linux-gnu/7.3.0;/usr/local/lib64;/lib/x86_64-linux-gnu;/lib64;/usr/lib/x86_64-linux-gnu;/usr/local/lib]
  implicit fwks: []




Detecting C [-std=c11] compiler features compiled with the following output:
Change Dir: /usr/src/cppweb/hello_crow/build/CMakeFiles/CMakeTmp

Run Build Command:"/usr/bin/make" "cmTC_79108/fast"
/usr/bin/make -f CMakeFiles/cmTC_79108.dir/build.make CMakeFiles/cmTC_79108.dir/build
make[1]: Entering directory '/usr/src/cppweb/hello_crow/build/CMakeFiles/CMakeTmp'
Building C object CMakeFiles/cmTC_79108.dir/feature_tests.c.o
/usr/bin/cc    -std=c11 -o CMakeFiles/cmTC_79108.dir/feature_tests.c.o   -c /usr/src/cppweb/hello_crow/build/CMakeFiles/feature_tests.c
Linking C executable cmTC_79108
/usr/bin/cmake -E cmake_link_script CMakeFiles/cmTC_79108.dir/link.txt --verbose=1
/usr/bin/cc       CMakeFiles/cmTC_79108.dir/feature_tests.c.o  -o cmTC_79108 
make[1]: Leaving directory '/usr/src/cppweb/hello_crow/build/CMakeFiles/CMakeTmp'


    Feature record: C_FEATURE:1c_function_prototypes
    Feature record: C_FEATURE:1c_restrict
    Feature record: C_FEATURE:1c_static_assert
    Feature record: C_FEATURE:1c_variadic_macros


Detecting C [-std=c99] compiler features compiled with the following output:
Change Dir: /usr/src/cppweb/hello_crow/build/CMakeFiles/CMakeTmp

Run Build Command:"/usr/bin/make" "cmTC_f9e0d/fast"
/usr/bin/make -f CMakeFiles/cmTC_f9e0d.dir/build.make CMakeFiles/cmTC_f9e0d.dir/build
make[1]: Entering directory '/usr/src/cppweb/hello_crow/build/CMakeFiles/CMakeTmp'
Building C object CMakeFiles/cmTC_f9e0d.dir/feature_tests.c.o
/usr/bin/cc    -std=c99 -o CMakeFiles/cmTC_f9e0d.dir/feature_tests.c.o   -c /usr/src/cppweb/hello_crow/build/CMakeFiles/feature_tests.c
Linking C executable cmTC_f9e0d
/usr/bin/cmake -E cmake_link_script CMakeFiles/cmTC_f9e0d.dir/link.txt --verbose=1
/usr/bin/cc       CMakeFiles/cmTC_f9e0d.dir/feature_tests.c.o  -o cmTC_f9e0d 
make[1]: Leaving directory '/usr/src/cppweb/hello_crow/build/CMakeFiles/CMakeTmp'


    Feature record: C_FEATURE:1c_function_prototypes
    Feature record: C_FEATURE:1c_restrict
    Feature record: C_FEATURE:0c_static_assert
    Feature record: C_FEATURE:1c_variadic_macros


Detecting C [-std=c90] compiler features compiled with the following output:
Change Dir: /usr/src/cppweb/hello_crow/build/CMakeFiles/CMakeTmp

Run Build Command:"/usr/bin/make" "cmTC_c8cf8/fast"
/usr/bin/make -f CMakeFiles/cmTC_c8cf8.dir/build.make CMakeFiles/cmTC_c8cf8.dir/build
make[1]: Entering directory '/usr/src/cppweb/hello_crow/build/CMakeFiles/CMakeTmp'
Building C object CMakeFiles/cmTC_c8cf8.dir/feature_tests.c.o
/usr/bin/cc    -std=c90 -o CMakeFiles/cmTC_c8cf8.dir/feature_tests.c.o   -c /usr/src/cppweb/hello_crow/build/CMakeFiles/feature_tests.c
Linking C executable cmTC_c8cf8
/usr/bin/cmake -E cmake_link_script CMakeFiles/cmTC_c8cf8.dir/link.txt --verbose=1
/usr/bin/cc       CMakeFiles/cmTC_c8cf8.dir/feature_tests.c.o  -o cmTC_c8cf8 
make[1]: Leaving directory '/usr/src/cppweb/hello_crow/build/CMakeFiles/CMakeTmp'


    Feature record: C_FEATURE:1c_function_prototypes
    Feature record: C_FEATURE:0c_restrict
    Feature record: C_FEATURE:0c_static_assert
    Feature record: C_FEATURE:0c_variadic_macros
Determining if the CXX compiler works passed with the following output:
Change Dir: /usr/src/cppweb/hello_crow/build/CMakeFiles/CMakeTmp

Run Build Command:"/usr/bin/make" "cmTC_4532e/fast"
/usr/bin/make -f CMakeFiles/cmTC_4532e.dir/build.make CMakeFiles/cmTC_4532e.dir/build
make[1]: Entering directory '/usr/src/cppweb/hello_crow/build/CMakeFiles/CMakeTmp'
Building CXX object CMakeFiles/cmTC_4532e.dir/testCXXCompiler.cxx.o
/usr/local/bin/c++      -o CMakeFiles/cmTC_4532e.dir/testCXXCompiler.cxx.o -c /usr/src/cppweb/hello_crow/build/CMakeFiles/CMakeTmp/testCXXCompiler.cxx
Linking CXX executable cmTC_4532e
/usr/bin/cmake -E cmake_link_script CMakeFiles/cmTC_4532e.dir/link.txt --verbose=1
/usr/local/bin/c++        CMakeFiles/cmTC_4532e.dir/testCXXCompiler.cxx.o  -o cmTC_4532e 
make[1]: Leaving directory '/usr/src/cppweb/hello_crow/build/CMakeFiles/CMakeTmp'


Detecting CXX compiler ABI info compiled with the following output:
Change Dir: /usr/src/cppweb/hello_crow/build/CMakeFiles/CMakeTmp

Run Build Command:"/usr/bin/make" "cmTC_2e299/fast"
/usr/bin/make -f CMakeFiles/cmTC_2e299.dir/build.make CMakeFiles/cmTC_2e299.dir/build
make[1]: Entering directory '/usr/src/cppweb/hello_crow/build/CMakeFiles/CMakeTmp'
Building CXX object CMakeFiles/cmTC_2e299.dir/CMakeCXXCompilerABI.cpp.o
/usr/local/bin/c++      -o CMakeFiles/cmTC_2e299.dir/CMakeCXXCompilerABI.cpp.o -c /usr/share/cmake-3.7/Modules/CMakeCXXCompilerABI.cpp
Linking CXX executable cmTC_2e299
/usr/bin/cmake -E cmake_link_script CMakeFiles/cmTC_2e299.dir/link.txt --verbose=1
/usr/local/bin/c++       -v CMakeFiles/cmTC_2e299.dir/CMakeCXXCompilerABI.cpp.o  -o cmTC_2e299  
Using built-in specs.
COLLECT_GCC=/usr/local/bin/c++
COLLECT_LTO_WRAPPER=/usr/local/libexec/gcc/x86_64-linux-gnu/7.3.0/lto-wrapper
Target: x86_64-linux-gnu
Configured with: /usr/src/gcc/configure --build=x86_64-linux-gnu --disable-multilib --enable-languages=c,c++,fortran,go
Thread model: posix
gcc version 7.3.0 (GCC) 
COMPILER_PATH=/usr/local/libexec/gcc/x86_64-linux-gnu/7.3.0/:/usr/local/libexec/gcc/x86_64-linux-gnu/7.3.0/:/usr/local/libexec/gcc/x86_64-linux-gnu/:/usr/local/lib/gcc/x86_64-linux-gnu/7.3.0/:/usr/local/lib/gcc/x86_64-linux-gnu/
LIBRARY_PATH=/usr/local/lib/gcc/x86_64-linux-gnu/7.3.0/:/usr/local/lib/gcc/x86_64-linux-gnu/7.3.0/../../../../lib64/:/lib/x86_64-linux-gnu/:/lib/../lib64/:/usr/lib/x86_64-linux-gnu/:/usr/local/lib/gcc/x86_64-linux-gnu/7.3.0/../../../:/lib/:/usr/lib/
COLLECT_GCC_OPTIONS='-v' '-o' 'cmTC_2e299' '-shared-libgcc' '-mtune=generic' '-march=x86-64'
 /usr/local/libexec/gcc/x86_64-linux-gnu/7.3.0/collect2 -plugin /usr/local/libexec/gcc/x86_64-linux-gnu/7.3.0/liblto_plugin.so -plugin-opt=/usr/local/libexec/gcc/x86_64-linux-gnu/7.3.0/lto-wrapper -plugin-opt=-fresolution=/tmp/ccR9I1hw.res -plugin-opt=-pass-through=-lgcc_s -plugin-opt=-pass-through=-lgcc -plugin-opt=-pass-through=-lc -plugin-opt=-pass-through=-lgcc_s -plugin-opt=-pass-through=-lgcc --eh-frame-hdr -m elf_x86_64 -dynamic-linker /lib64/ld-linux-x86-64.so.2 -o cmTC_2e299 /usr/lib/x86_64-linux-gnu/crt1.o /usr/lib/x86_64-linux-gnu/crti.o /usr/local/lib/gcc/x86_64-linux-gnu/7.3.0/crtbegin.o -L/usr/local/lib/gcc/x86_64-linux-gnu/7.3.0 -L/usr/local/lib/gcc/x86_64-linux-gnu/7.3.0/../../../../lib64 -L/lib/x86_64-linux-gnu -L/lib/../lib64 -L/usr/lib/x86_64-linux-gnu -L/usr/local/lib/gcc/x86_64-linux-gnu/7.3.0/../../.. CMakeFiles/cmTC_2e299.dir/CMakeCXXCompilerABI.cpp.o -lstdc++ -lm -lgcc_s -lgcc -lc -lgcc_s -lgcc /usr/local/lib/gcc/x86_64-linux-gnu/7.3.0/crtend.o /usr/lib/x86_64-linux-gnu/crtn.o
COLLECT_GCC_OPTIONS='-v' '-o' 'cmTC_2e299' '-shared-libgcc' '-mtune=generic' '-march=x86-64'
make[1]: Leaving directory '/usr/src/cppweb/hello_crow/build/CMakeFiles/CMakeTmp'


Parsed CXX implicit link information from above output:
  link line regex: [^( *|.*[/\])(ld|([^/\]+-)?ld|collect2)[^/\]*( |$)]
  ignore line: [Change Dir: /usr/src/cppweb/hello_crow/build/CMakeFiles/CMakeTmp]
  ignore line: []
  ignore line: [Run Build Command:"/usr/bin/make" "cmTC_2e299/fast"]
  ignore line: [/usr/bin/make -f CMakeFiles/cmTC_2e299.dir/build.make CMakeFiles/cmTC_2e299.dir/build]
  ignore line: [make[1]: Entering directory '/usr/src/cppweb/hello_crow/build/CMakeFiles/CMakeTmp']
  ignore line: [Building CXX object CMakeFiles/cmTC_2e299.dir/CMakeCXXCompilerABI.cpp.o]
  ignore line: [/usr/local/bin/c++      -o CMakeFiles/cmTC_2e299.dir/CMakeCXXCompilerABI.cpp.o -c /usr/share/cmake-3.7/Modules/CMakeCXXCompilerABI.cpp]
  ignore line: [Linking CXX executable cmTC_2e299]
  ignore line: [/usr/bin/cmake -E cmake_link_script CMakeFiles/cmTC_2e299.dir/link.txt --verbose=1]
  ignore line: [/usr/local/bin/c++       -v CMakeFiles/cmTC_2e299.dir/CMakeCXXCompilerABI.cpp.o  -o cmTC_2e299  ]
  ignore line: [Using built-in specs.]
  ignore line: [COLLECT_GCC=/usr/local/bin/c++]
  ignore line: [COLLECT_LTO_WRAPPER=/usr/local/libexec/gcc/x86_64-linux-gnu/7.3.0/lto-wrapper]
  ignore line: [Target: x86_64-linux-gnu]
  ignore line: [Configured with: /usr/src/gcc/configure --build=x86_64-linux-gnu --disable-multilib --enable-languages=c,c++,fortran,go]
  ignore line: [Thread model: posix]
  ignore line: [gcc version 7.3.0 (GCC) ]
  ignore line: [COMPILER_PATH=/usr/local/libexec/gcc/x86_64-linux-gnu/7.3.0/:/usr/local/libexec/gcc/x86_64-linux-gnu/7.3.0/:/usr/local/libexec/gcc/x86_64-linux-gnu/:/usr/local/lib/gcc/x86_64-linux-gnu/7.3.0/:/usr/local/lib/gcc/x86_64-linux-gnu/]
  ignore line: [LIBRARY_PATH=/usr/local/lib/gcc/x86_64-linux-gnu/7.3.0/:/usr/local/lib/gcc/x86_64-linux-gnu/7.3.0/../../../../lib64/:/lib/x86_64-linux-gnu/:/lib/../lib64/:/usr/lib/x86_64-linux-gnu/:/usr/local/lib/gcc/x86_64-linux-gnu/7.3.0/../../../:/lib/:/usr/lib/]
  ignore line: [COLLECT_GCC_OPTIONS='-v' '-o' 'cmTC_2e299' '-shared-libgcc' '-mtune=generic' '-march=x86-64']
  link line: [ /usr/local/libexec/gcc/x86_64-linux-gnu/7.3.0/collect2 -plugin /usr/local/libexec/gcc/x86_64-linux-gnu/7.3.0/liblto_plugin.so -plugin-opt=/usr/local/libexec/gcc/x86_64-linux-gnu/7.3.0/lto-wrapper -plugin-opt=-fresolution=/tmp/ccR9I1hw.res -plugin-opt=-pass-through=-lgcc_s -plugin-opt=-pass-through=-lgcc -plugin-opt=-pass-through=-lc -plugin-opt=-pass-through=-lgcc_s -plugin-opt=-pass-through=-lgcc --eh-frame-hdr -m elf_x86_64 -dynamic-linker /lib64/ld-linux-x86-64.so.2 -o cmTC_2e299 /usr/lib/x86_64-linux-gnu/crt1.o /usr/lib/x86_64-linux-gnu/crti.o /usr/local/lib/gcc/x86_64-linux-gnu/7.3.0/crtbegin.o -L/usr/local/lib/gcc/x86_64-linux-gnu/7.3.0 -L/usr/local/lib/gcc/x86_64-linux-gnu/7.3.0/../../../../lib64 -L/lib/x86_64-linux-gnu -L/lib/../lib64 -L/usr/lib/x86_64-linux-gnu -L/usr/local/lib/gcc/x86_64-linux-gnu/7.3.0/../../.. CMakeFiles/cmTC_2e299.dir/CMakeCXXCompilerABI.cpp.o -lstdc++ -lm -lgcc_s -lgcc -lc -lgcc_s -lgcc /usr/local/lib/gcc/x86_64-linux-gnu/7.3.0/crtend.o /usr/lib/x86_64-linux-gnu/crtn.o]
    arg [/usr/local/libexec/gcc/x86_64-linux-gnu/7.3.0/collect2] ==> ignore
    arg [-plugin] ==> ignore
    arg [/usr/local/libexec/gcc/x86_64-linux-gnu/7.3.0/liblto_plugin.so] ==> ignore
    arg [-plugin-opt=/usr/local/libexec/gcc/x86_64-linux-gnu/7.3.0/lto-wrapper] ==> ignore
    arg [-plugin-opt=-fresolution=/tmp/ccR9I1hw.res] ==> ignore
    arg [-plugin-opt=-pass-through=-lgcc_s] ==> ignore
    arg [-plugin-opt=-pass-through=-lgcc] ==> ignore
    arg [-plugin-opt=-pass-through=-lc] ==> ignore
    arg [-plugin-opt=-pass-through=-lgcc_s] ==> ignore
    arg [-plugin-opt=-pass-through=-lgcc] ==> ignore
    arg [--eh-frame-hdr] ==> ignore
    arg [-m] ==> ignore
    arg [elf_x86_64] ==> ignore
    arg [-dynamic-linker] ==> ignore
    arg [/lib64/ld-linux-x86-64.so.2] ==> ignore
    arg [-o] ==> ignore
    arg [cmTC_2e299] ==> ignore
    arg [/usr/lib/x86_64-linux-gnu/crt1.o] ==> ignore
    arg [/usr/lib/x86_64-linux-gnu/crti.o] ==> ignore
    arg [/usr/local/lib/gcc/x86_64-linux-gnu/7.3.0/crtbegin.o] ==> ignore
    arg [-L/usr/local/lib/gcc/x86_64-linux-gnu/7.3.0] ==> dir [/usr/local/lib/gcc/x86_64-linux-gnu/7.3.0]
    arg [-L/usr/local/lib/gcc/x86_64-linux-gnu/7.3.0/../../../../lib64] ==> dir [/usr/local/lib/gcc/x86_64-linux-gnu/7.3.0/../../../../lib64]
    arg [-L/lib/x86_64-linux-gnu] ==> dir [/lib/x86_64-linux-gnu]
    arg [-L/lib/../lib64] ==> dir [/lib/../lib64]
    arg [-L/usr/lib/x86_64-linux-gnu] ==> dir [/usr/lib/x86_64-linux-gnu]
    arg [-L/usr/local/lib/gcc/x86_64-linux-gnu/7.3.0/../../..] ==> dir [/usr/local/lib/gcc/x86_64-linux-gnu/7.3.0/../../..]
    arg [CMakeFiles/cmTC_2e299.dir/CMakeCXXCompilerABI.cpp.o] ==> ignore
    arg [-lstdc++] ==> lib [stdc++]
    arg [-lm] ==> lib [m]
    arg [-lgcc_s] ==> lib [gcc_s]
    arg [-lgcc] ==> lib [gcc]
    arg [-lc] ==> lib [c]
    arg [-lgcc_s] ==> lib [gcc_s]
    arg [-lgcc] ==> lib [gcc]
    arg [/usr/local/lib/gcc/x86_64-linux-gnu/7.3.0/crtend.o] ==> ignore
    arg [/usr/lib/x86_64-linux-gnu/crtn.o] ==> ignore
  remove lib [gcc_s]
  remove lib [gcc]
  remove lib [gcc_s]
  remove lib [gcc]
  collapse library dir [/usr/local/lib/gcc/x86_64-linux-gnu/7.3.0] ==> [/usr/local/lib/gcc/x86_64-linux-gnu/7.3.0]
  collapse library dir [/usr/local/lib/gcc/x86_64-linux-gnu/7.3.0/../../../../lib64] ==> [/usr/local/lib64]
  collapse library dir [/lib/x86_64-linux-gnu] ==> [/lib/x86_64-linux-gnu]
  collapse library dir [/lib/../lib64] ==> [/lib64]
  collapse library dir [/usr/lib/x86_64-linux-gnu] ==> [/usr/lib/x86_64-linux-gnu]
  collapse library dir [/usr/local/lib/gcc/x86_64-linux-gnu/7.3.0/../../..] ==> [/usr/local/lib]
  implicit libs: [stdc++;m;c]
  implicit dirs: [/usr/local/lib/gcc/x86_64-linux-gnu/7.3.0;/usr/local/lib64;/lib/x86_64-linux-gnu;/lib64;/usr/lib/x86_64-linux-gnu;/usr/local/lib]
  implicit fwks: []




Detecting CXX [-std=c++14] compiler features compiled with the following output:
Change Dir: /usr/src/cppweb/hello_crow/build/CMakeFiles/CMakeTmp

Run Build Command:"/usr/bin/make" "cmTC_89060/fast"
/usr/bin/make -f CMakeFiles/cmTC_89060.dir/build.make CMakeFiles/cmTC_89060.dir/build
make[1]: Entering directory '/usr/src/cppweb/hello_crow/build/CMakeFiles/CMakeTmp'
Building CXX object CMakeFiles/cmTC_89060.dir/feature_tests.cxx.o
/usr/local/bin/c++     -std=c++14 -o CMakeFiles/cmTC_89060.dir/feature_tests.cxx.o -c /usr/src/cppweb/hello_crow/build/CMakeFiles/feature_tests.cxx
Linking CXX executable cmTC_89060
/usr/bin/cmake -E cmake_link_script CMakeFiles/cmTC_89060.dir/link.txt --verbose=1
/usr/local/bin/c++        CMakeFiles/cmTC_89060.dir/feature_tests.cxx.o  -o cmTC_89060 
make[1]: Leaving directory '/usr/src/cppweb/hello_crow/build/CMakeFiles/CMakeTmp'


    Feature record: CXX_FEATURE:1cxx_aggregate_default_initializers
    Feature record: CXX_FEATURE:1cxx_alias_templates
    Feature record: CXX_FEATURE:1cxx_alignas
    Feature record: CXX_FEATURE:1cxx_alignof
    Feature record: CXX_FEATURE:1cxx_attributes
    Feature record: CXX_FEATURE:1cxx_attribute_deprecated
    Feature record: CXX_FEATURE:1cxx_auto_type
    Feature record: CXX_FEATURE:1cxx_binary_literals
    Feature record: CXX_FEATURE:1cxx_constexpr
    Feature record: CXX_FEATURE:1cxx_contextual_conversions
    Feature record: CXX_FEATURE:1cxx_decltype
    Feature record: CXX_FEATURE:1cxx_decltype_auto
    Feature record: CXX_FEATURE:1cxx_decltype_incomplete_return_types
    Feature record: CXX_FEATURE:1cxx_default_function_template_args
    Feature record: CXX_FEATURE:1cxx_defaulted_functions
    Feature record: CXX_FEATURE:1cxx_defaulted_move_initializers
    Feature record: CXX_FEATURE:1cxx_delegating_constructors
    Feature record: CXX_FEATURE:1cxx_deleted_functions
    Feature record: CXX_FEATURE:1cxx_digit_separators
    Feature record: CXX_FEATURE:1cxx_enum_forward_declarations
    Feature record: CXX_FEATURE:1cxx_explicit_conversions
    Feature record: CXX_FEATURE:1cxx_extended_friend_declarations
    Feature record: CXX_FEATURE:1cxx_extern_templates
    Feature record: CXX_FEATURE:1cxx_final
    Feature record: CXX_FEATURE:1cxx_func_identifier
    Feature record: CXX_FEATURE:1cxx_generalized_initializers
    Feature record: CXX_FEATURE:1cxx_generic_lambdas
    Feature record: CXX_FEATURE:1cxx_inheriting_constructors
    Feature record: CXX_FEATURE:1cxx_inline_namespaces
    Feature record: CXX_FEATURE:1cxx_lambdas
    Feature record: CXX_FEATURE:1cxx_lambda_init_captures
    Feature record: CXX_FEATURE:1cxx_local_type_template_args
    Feature record: CXX_FEATURE:1cxx_long_long_type
    Feature record: CXX_FEATURE:1cxx_noexcept
    Feature record: CXX_FEATURE:1cxx_nonstatic_member_init
    Feature record: CXX_FEATURE:1cxx_nullptr
    Feature record: CXX_FEATURE:1cxx_override
    Feature record: CXX_FEATURE:1cxx_range_for
    Feature record: CXX_FEATURE:1cxx_raw_string_literals
    Feature record: CXX_FEATURE:1cxx_reference_qualified_functions
    Feature record: CXX_FEATURE:1cxx_relaxed_constexpr
    Feature record: CXX_FEATURE:1cxx_return_type_deduction
    Feature record: CXX_FEATURE:1cxx_right_angle_brackets
    Feature record: CXX_FEATURE:1cxx_rvalue_references
    Feature record: CXX_FEATURE:1cxx_sizeof_member
    Feature record: CXX_FEATURE:1cxx_static_assert
    Feature record: CXX_FEATURE:1cxx_strong_enums
    Feature record: CXX_FEATURE:1cxx_template_template_parameters
    Feature record: CXX_FEATURE:1cxx_thread_local
    Feature record: CXX_FEATURE:1cxx_trailing_return_types
    Feature record: CXX_FEATURE:1cxx_unicode_literals
    Feature record: CXX_FEATURE:1cxx_uniform_initialization
    Feature record: CXX_FEATURE:1cxx_unrestricted_unions
    Feature record: CXX_FEATURE:1cxx_user_literals
    Feature record: CXX_FEATURE:1cxx_variable_templates
    Feature record: CXX_FEATURE:1cxx_variadic_macros
    Feature record: CXX_FEATURE:1cxx_variadic_templates


Detecting CXX [-std=c++11] compiler features compiled with the following output:
Change Dir: /usr/src/cppweb/hello_crow/build/CMakeFiles/CMakeTmp

Run Build Command:"/usr/bin/make" "cmTC_eb51b/fast"
/usr/bin/make -f CMakeFiles/cmTC_eb51b.dir/build.make CMakeFiles/cmTC_eb51b.dir/build
make[1]: Entering directory '/usr/src/cppweb/hello_crow/build/CMakeFiles/CMakeTmp'
Building CXX object CMakeFiles/cmTC_eb51b.dir/feature_tests.cxx.o
/usr/local/bin/c++     -std=c++11 -o CMakeFiles/cmTC_eb51b.dir/feature_tests.cxx.o -c /usr/src/cppweb/hello_crow/build/CMakeFiles/feature_tests.cxx
Linking CXX executable cmTC_eb51b
/usr/bin/cmake -E cmake_link_script CMakeFiles/cmTC_eb51b.dir/link.txt --verbose=1
/usr/local/bin/c++        CMakeFiles/cmTC_eb51b.dir/feature_tests.cxx.o  -o cmTC_eb51b 
make[1]: Leaving directory '/usr/src/cppweb/hello_crow/build/CMakeFiles/CMakeTmp'


    Feature record: CXX_FEATURE:0cxx_aggregate_default_initializers
    Feature record: CXX_FEATURE:1cxx_alias_templates
    Feature record: CXX_FEATURE:1cxx_alignas
    Feature record: CXX_FEATURE:1cxx_alignof
    Feature record: CXX_FEATURE:1cxx_attributes
    Feature record: CXX_FEATURE:0cxx_attribute_deprecated
    Feature record: CXX_FEATURE:1cxx_auto_type
    Feature record: CXX_FEATURE:0cxx_binary_literals
    Feature record: CXX_FEATURE:1cxx_constexpr
    Feature record: CXX_FEATURE:0cxx_contextual_conversions
    Feature record: CXX_FEATURE:1cxx_decltype
    Feature record: CXX_FEATURE:0cxx_decltype_auto
    Feature record: CXX_FEATURE:1cxx_decltype_incomplete_return_types
    Feature record: CXX_FEATURE:1cxx_default_function_template_args
    Feature record: CXX_FEATURE:1cxx_defaulted_functions
    Feature record: CXX_FEATURE:1cxx_defaulted_move_initializers
    Feature record: CXX_FEATURE:1cxx_delegating_constructors
    Feature record: CXX_FEATURE:1cxx_deleted_functions
    Feature record: CXX_FEATURE:0cxx_digit_separators
    Feature record: CXX_FEATURE:1cxx_enum_forward_declarations
    Feature record: CXX_FEATURE:1cxx_explicit_conversions
    Feature record: CXX_FEATURE:1cxx_extended_friend_declarations
    Feature record: CXX_FEATURE:1cxx_extern_templates
    Feature record: CXX_FEATURE:1cxx_final
    Feature record: CXX_FEATURE:1cxx_func_identifier
    Feature record: CXX_FEATURE:1cxx_generalized_initializers
    Feature record: CXX_FEATURE:0cxx_generic_lambdas
    Feature record: CXX_FEATURE:1cxx_inheriting_constructors
    Feature record: CXX_FEATURE:1cxx_inline_namespaces
    Feature record: CXX_FEATURE:1cxx_lambdas
    Feature record: CXX_FEATURE:0cxx_lambda_init_captures
    Feature record: CXX_FEATURE:1cxx_local_type_template_args
    Feature record: CXX_FEATURE:1cxx_long_long_type
    Feature record: CXX_FEATURE:1cxx_noexcept
    Feature record: CXX_FEATURE:1cxx_nonstatic_member_init
    Feature record: CXX_FEATURE:1cxx_nullptr
    Feature record: CXX_FEATURE:1cxx_override
    Feature record: CXX_FEATURE:1cxx_range_for
    Feature record: CXX_FEATURE:1cxx_raw_string_literals
    Feature record: CXX_FEATURE:1cxx_reference_qualified_functions
    Feature record: CXX_FEATURE:0cxx_relaxed_constexpr
    Feature record: CXX_FEATURE:0cxx_return_type_deduction
    Feature record: CXX_FEATURE:1cxx_right_angle_brackets
    Feature record: CXX_FEATURE:1cxx_rvalue_references
    Feature record: CXX_FEATURE:1cxx_sizeof_member
    Feature record: CXX_FEATURE:1cxx_static_assert
    Feature record: CXX_FEATURE:1cxx_strong_enums
    Feature record: CXX_FEATURE:1cxx_template_template_parameters
    Feature record: CXX_FEATURE:1cxx_thread_local
    Feature record: CXX_FEATURE:1cxx_trailing_return_types
    Feature record: CXX_FEATURE:1cxx_unicode_literals
    Feature record: CXX_FEATURE:1cxx_uniform_initialization
    Feature record: CXX_FEATURE:1cxx_unrestricted_unions
    Feature record: CXX_FEATURE:1cxx_user_literals
    Feature record: CXX_FEATURE:0cxx_variable_templates
    Feature record: CXX_FEATURE:1cxx_variadic_macros
    Feature record: CXX_FEATURE:1cxx_variadic_templates


Detecting CXX [-std=c++98] compiler features compiled with the following output:
Change Dir: /usr/src/cppweb/hello_crow/build/CMakeFiles/CMakeTmp

Run Build Command:"/usr/bin/make" "cmTC_180a1/fast"
/usr/bin/make -f CMakeFiles/cmTC_180a1.dir/build.make CMakeFiles/cmTC_180a1.dir/build
make[1]: Entering directory '/usr/src/cppweb/hello_crow/build/CMakeFiles/CMakeTmp'
Building CXX object CMakeFiles/cmTC_180a1.dir/feature_tests.cxx.o
/usr/local/bin/c++     -std=c++98 -o CMakeFiles/cmTC_180a1.dir/feature_tests.cxx.o -c /usr/src/cppweb/hello_crow/build/CMakeFiles/feature_tests.cxx
Linking CXX executable cmTC_180a1
/usr/bin/cmake -E cmake_link_script CMakeFiles/cmTC_180a1.dir/link.txt --verbose=1
/usr/local/bin/c++        CMakeFiles/cmTC_180a1.dir/feature_tests.cxx.o  -o cmTC_180a1 
make[1]: Leaving directory '/usr/src/cppweb/hello_crow/build/CMakeFiles/CMakeTmp'


    Feature record: CXX_FEATURE:0cxx_aggregate_default_initializers
    Feature record: CXX_FEATURE:0cxx_alias_templates
    Feature record: CXX_FEATURE:0cxx_alignas
    Feature record: CXX_FEATURE:0cxx_alignof
    Feature record: CXX_FEATURE:0cxx_attributes
    Feature record: CXX_FEATURE:0cxx_attribute_deprecated
    Feature record: CXX_FEATURE:0cxx_auto_type
    Feature record: CXX_FEATURE:0cxx_binary_literals
    Feature record: CXX_FEATURE:0cxx_constexpr
    Feature record: CXX_FEATURE:0cxx_contextual_conversions
    Feature record: CXX_FEATURE:0cxx_decltype
    Feature record: CXX_FEATURE:0cxx_decltype_auto
    Feature record: CXX_FEATURE:0cxx_decltype_incomplete_return_types
    Feature record: CXX_FEATURE:0cxx_default_function_template_args
    Feature record: CXX_FEATURE:0cxx_defaulted_functions
    Feature record: CXX_FEATURE:0cxx_defaulted_move_initializers
    Feature record: CXX_FEATURE:0cxx_delegating_constructors
    Feature record: CXX_FEATURE:0cxx_deleted_functions
    Feature record: CXX_FEATURE:0cxx_digit_separators
    Feature record: CXX_FEATURE:0cxx_enum_forward_declarations
    Feature record: CXX_FEATURE:0cxx_explicit_conversions
    Feature record: CXX_FEATURE:0cxx_extended_friend_declarations
    Feature record: CXX_FEATURE:0cxx_extern_templates
    Feature record: CXX_FEATURE:0cxx_final
    Feature record: CXX_FEATURE:0cxx_func_identifier
    Feature record: CXX_FEATURE:0cxx_generalized_initializers
    Feature record: CXX_FEATURE:0cxx_generic_lambdas
    Feature record: CXX_FEATURE:0cxx_inheriting_constructors
    Feature record: CXX_FEATURE:0cxx_inline_namespaces
    Feature record: CXX_FEATURE:0cxx_lambdas
    Feature record: CXX_FEATURE:0cxx_lambda_init_captures
    Feature record: CXX_FEATURE:0cxx_local_type_template_args
    Feature record: CXX_FEATURE:0cxx_long_long_type
    Feature record: CXX_FEATURE:0cxx_noexcept
    Feature record: CXX_FEATURE:0cxx_nonstatic_member_init
    Feature record: CXX_FEATURE:0cxx_nullptr
    Feature record: CXX_FEATURE:0cxx_override
    Feature record: CXX_FEATURE:0cxx_range_for
    Feature record: CXX_FEATURE:0cxx_raw_string_literals
    Feature record: CXX_FEATURE:0cxx_reference_qualified_functions
    Feature record: CXX_FEATURE:0cxx_relaxed_constexpr
    Feature record: CXX_FEATURE:0cxx_return_type_deduction
    Feature record: CXX_FEATURE:0cxx_right_angle_brackets
    Feature record: CXX_FEATURE:0cxx_rvalue_references
    Feature record: CXX_FEATURE:0cxx_sizeof_member
    Feature record: CXX_FEATURE:0cxx_static_assert
    Feature record: CXX_FEATURE:0cxx_strong_enums
    Feature record: CXX_FEATURE:1cxx_template_template_parameters
    Feature record: CXX_FEATURE:0cxx_thread_local
    Feature record: CXX_FEATURE:0cxx_trailing_return_types
    Feature record: CXX_FEATURE:0cxx_unicode_literals
    Feature record: CXX_FEATURE:0cxx_uniform_initialization
    Feature record: CXX_FEATURE:0cxx_unrestricted_unions
    Feature record: CXX_FEATURE:0cxx_user_literals
    Feature record: CXX_FEATURE:0cxx_variable_templates
    Feature record: CXX_FEATURE:0cxx_variadic_macros
    Feature record: CXX_FEATURE:0cxx_variadic_templates
Determining if the include file pthread.h exists passed with the following output:
Change Dir: /usr/src/cppweb/hello_crow/build/CMakeFiles/CMakeTmp

Run Build Command:"/usr/bin/make" "cmTC_88521/fast"
/usr/bin/make -f CMakeFiles/cmTC_88521.dir/build.make CMakeFiles/cmTC_88521.dir/build
make[1]: Entering directory '/usr/src/cppweb/hello_crow/build/CMakeFiles/CMakeTmp'
Building C object CMakeFiles/cmTC_88521.dir/CheckIncludeFile.c.o
/usr/bin/cc     -o CMakeFiles/cmTC_88521.dir/CheckIncludeFile.c.o   -c /usr/src/cppweb/hello_crow/build/CMakeFiles/CMakeTmp/CheckIncludeFile.c
Linking C executable cmTC_88521
/usr/bin/cmake -E cmake_link_script CMakeFiles/cmTC_88521.dir/link.txt --verbose=1
/usr/bin/cc       CMakeFiles/cmTC_88521.dir/CheckIncludeFile.c.o  -o cmTC_88521 
make[1]: Leaving directory '/usr/src/cppweb/hello_crow/build/CMakeFiles/CMakeTmp'


